  lab10.1_A.cpp
D:\lab10.1_A\lab10.1_A\lab10.1_A.cpp(9,29): warning C4566: character represented by universal-character-name '\u0406' cannot be represented in the current code page (1252)
D:\lab10.1_A\lab10.1_A\lab10.1_A.cpp(9,29): warning C4566: character represented by universal-character-name '\u043D' cannot be represented in the current code page (1252)
D:\lab10.1_A\lab10.1_A\lab10.1_A.cpp(9,29): warning C4566: character represented by universal-character-name '\u0444' cannot be represented in the current code page (1252)
D:\lab10.1_A\lab10.1_A\lab10.1_A.cpp(9,29): warning C4566: character represented by universal-character-name '\u043E' cannot be represented in the current code page (1252)
D:\lab10.1_A\lab10.1_A\lab10.1_A.cpp(9,29): warning C4566: character represented by universal-character-name '\u0440' cannot be represented in the current code page (1252)
D:\lab10.1_A\lab10.1_A\lab10.1_A.cpp(9,29): warning C4566: character represented by universal-character-name '\u043C' cannot be represented in the current code page (1252)
D:\lab10.1_A\lab10.1_A\lab10.1_A.cpp(9,29): warning C4566: character represented by universal-character-name '\u0430' cannot be represented in the current code page (1252)
D:\lab10.1_A\lab10.1_A\lab10.1_A.cpp(9,29): warning C4566: character represented by universal-character-name '\u0442' cannot be represented in the current code page (1252)
D:\lab10.1_A\lab10.1_A\lab10.1_A.cpp(9,29): warning C4566: character represented by universal-character-name '\u0438' cannot be represented in the current code page (1252)
D:\lab10.1_A\lab10.1_A\lab10.1_A.cpp(9,29): warning C4566: character represented by universal-character-name '\u043A' cannot be represented in the current code page (1252)
D:\lab10.1_A\lab10.1_A\lab10.1_A.cpp(10,29): warning C4566: character represented by universal-character-name '\u0420' cannot be represented in the current code page (1252)
D:\lab10.1_A\lab10.1_A\lab10.1_A.cpp(10,29): warning C4566: character represented by universal-character-name '\u0430' cannot be represented in the current code page (1252)
D:\lab10.1_A\lab10.1_A\lab10.1_A.cpp(10,29): warning C4566: character represented by universal-character-name '\u0434' cannot be represented in the current code page (1252)
D:\lab10.1_A\lab10.1_A\lab10.1_A.cpp(10,29): warning C4566: character represented by universal-character-name '\u0456' cannot be represented in the current code page (1252)
D:\lab10.1_A\lab10.1_A\lab10.1_A.cpp(10,29): warning C4566: character represented by universal-character-name '\u043E' cannot be represented in the current code page (1252)
D:\lab10.1_A\lab10.1_A\lab10.1_A.cpp(10,29): warning C4566: character represented by universal-character-name '\u0435' cannot be represented in the current code page (1252)
D:\lab10.1_A\lab10.1_A\lab10.1_A.cpp(10,29): warning C4566: character represented by universal-character-name '\u043B' cannot be represented in the current code page (1252)
D:\lab10.1_A\lab10.1_A\lab10.1_A.cpp(10,29): warning C4566: character represented by universal-character-name '\u043A' cannot be represented in the current code page (1252)
D:\lab10.1_A\lab10.1_A\lab10.1_A.cpp(10,29): warning C4566: character represented by universal-character-name '\u0442' cannot be represented in the current code page (1252)
D:\lab10.1_A\lab10.1_A\lab10.1_A.cpp(10,29): warning C4566: character represented by universal-character-name '\u0440' cannot be represented in the current code page (1252)
D:\lab10.1_A\lab10.1_A\lab10.1_A.cpp(10,29): warning C4566: character represented by universal-character-name '\u043D' cannot be represented in the current code page (1252)
D:\lab10.1_A\lab10.1_A\lab10.1_A.cpp(10,65): warning C4566: character represented by universal-character-name '\u041A' cannot be represented in the current code page (1252)
D:\lab10.1_A\lab10.1_A\lab10.1_A.cpp(10,65): warning C4566: character represented by universal-character-name '\u043E' cannot be represented in the current code page (1252)
D:\lab10.1_A\lab10.1_A\lab10.1_A.cpp(10,65): warning C4566: character represented by universal-character-name '\u043C' cannot be represented in the current code page (1252)
D:\lab10.1_A\lab10.1_A\lab10.1_A.cpp(10,65): warning C4566: character represented by universal-character-name '\u043F' cannot be represented in the current code page (1252)
D:\lab10.1_A\lab10.1_A\lab10.1_A.cpp(10,65): warning C4566: character represented by universal-character-name '\u044E' cannot be represented in the current code page (1252)
D:\lab10.1_A\lab10.1_A\lab10.1_A.cpp(10,65): warning C4566: character represented by universal-character-name '\u0442' cannot be represented in the current code page (1252)
D:\lab10.1_A\lab10.1_A\lab10.1_A.cpp(10,65): warning C4566: character represented by universal-character-name '\u0435' cannot be represented in the current code page (1252)
D:\lab10.1_A\lab10.1_A\lab10.1_A.cpp(10,65): warning C4566: character represented by universal-character-name '\u0440' cannot be represented in the current code page (1252)
D:\lab10.1_A\lab10.1_A\lab10.1_A.cpp(10,65): warning C4566: character represented by universal-character-name '\u043D' cannot be represented in the current code page (1252)
D:\lab10.1_A\lab10.1_A\lab10.1_A.cpp(10,65): warning C4566: character represented by universal-character-name '\u0456' cannot be represented in the current code page (1252)
D:\lab10.1_A\lab10.1_A\lab10.1_A.cpp(10,65): warning C4566: character represented by universal-character-name '\u0430' cannot be represented in the current code page (1252)
D:\lab10.1_A\lab10.1_A\lab10.1_A.cpp(10,65): warning C4566: character represented by universal-character-name '\u0443' cannot be represented in the current code page (1252)
D:\lab10.1_A\lab10.1_A\lab10.1_A.cpp(10,65): warning C4566: character represented by universal-character-name '\u043A' cannot be represented in the current code page (1252)
D:\lab10.1_A\lab10.1_A\lab10.1_A.cpp(10,65): warning C4566: character represented by universal-character-name '\u0438' cannot be represented in the current code page (1252)
D:\lab10.1_A\lab10.1_A\lab10.1_A.cpp(11,29): warning C4566: character represented by universal-character-name '\u041A' cannot be represented in the current code page (1252)
D:\lab10.1_A\lab10.1_A\lab10.1_A.cpp(11,29): warning C4566: character represented by universal-character-name '\u043E' cannot be represented in the current code page (1252)
D:\lab10.1_A\lab10.1_A\lab10.1_A.cpp(11,29): warning C4566: character represented by universal-character-name '\u043C' cannot be represented in the current code page (1252)
D:\lab10.1_A\lab10.1_A\lab10.1_A.cpp(11,29): warning C4566: character represented by universal-character-name '\u043F' cannot be represented in the current code page (1252)
D:\lab10.1_A\lab10.1_A\lab10.1_A.cpp(11,29): warning C4566: character represented by universal-character-name '\u044E' cannot be represented in the current code page (1252)
D:\lab10.1_A\lab10.1_A\lab10.1_A.cpp(11,29): warning C4566: character represented by universal-character-name '\u0442' cannot be represented in the current code page (1252)
D:\lab10.1_A\lab10.1_A\lab10.1_A.cpp(11,29): warning C4566: character represented by universal-character-name '\u0435' cannot be represented in the current code page (1252)
D:\lab10.1_A\lab10.1_A\lab10.1_A.cpp(11,29): warning C4566: character represented by universal-character-name '\u0440' cannot be represented in the current code page (1252)
D:\lab10.1_A\lab10.1_A\lab10.1_A.cpp(11,29): warning C4566: character represented by universal-character-name '\u043D' cannot be represented in the current code page (1252)
D:\lab10.1_A\lab10.1_A\lab10.1_A.cpp(11,29): warning C4566: character represented by universal-character-name '\u0430' cannot be represented in the current code page (1252)
D:\lab10.1_A\lab10.1_A\lab10.1_A.cpp(11,29): warning C4566: character represented by universal-character-name '\u0456' cannot be represented in the current code page (1252)
D:\lab10.1_A\lab10.1_A\lab10.1_A.cpp(11,29): warning C4566: character represented by universal-character-name '\u0436' cannot be represented in the current code page (1252)
D:\lab10.1_A\lab10.1_A\lab10.1_A.cpp(11,29): warning C4566: character represented by universal-character-name '\u044F' cannot be represented in the current code page (1252)
D:\lab10.1_A\lab10.1_A\lab10.1_A.cpp(11,73): warning C4566: character represented by universal-character-name '\u041F' cannot be represented in the current code page (1252)
D:\lab10.1_A\lab10.1_A\lab10.1_A.cpp(11,73): warning C4566: character represented by universal-character-name '\u0440' cannot be represented in the current code page (1252)
D:\lab10.1_A\lab10.1_A\lab10.1_A.cpp(11,73): warning C4566: character represented by universal-character-name '\u043E' cannot be represented in the current code page (1252)
D:\lab10.1_A\lab10.1_A\lab10.1_A.cpp(11,73): warning C4566: character represented by universal-character-name '\u0433' cannot be represented in the current code page (1252)
D:\lab10.1_A\lab10.1_A\lab10.1_A.cpp(11,73): warning C4566: character represented by universal-character-name '\u0430' cannot be represented in the current code page (1252)
D:\lab10.1_A\lab10.1_A\lab10.1_A.cpp(11,73): warning C4566: character represented by universal-character-name '\u043C' cannot be represented in the current code page (1252)
D:\lab10.1_A\lab10.1_A\lab10.1_A.cpp(11,73): warning C4566: character represented by universal-character-name '\u043D' cannot be represented in the current code page (1252)
D:\lab10.1_A\lab10.1_A\lab10.1_A.cpp(11,73): warning C4566: character represented by universal-character-name '\u0435' cannot be represented in the current code page (1252)
D:\lab10.1_A\lab10.1_A\lab10.1_A.cpp(11,73): warning C4566: character represented by universal-character-name '\u0437' cannot be represented in the current code page (1252)
D:\lab10.1_A\lab10.1_A\lab10.1_A.cpp(11,73): warning C4566: character represented by universal-character-name '\u0431' cannot be represented in the current code page (1252)
D:\lab10.1_A\lab10.1_A\lab10.1_A.cpp(11,73): warning C4566: character represented by universal-character-name '\u043F' cannot be represented in the current code page (1252)
D:\lab10.1_A\lab10.1_A\lab10.1_A.cpp(11,73): warning C4566: character represented by universal-character-name '\u0447' cannot be represented in the current code page (1252)
D:\lab10.1_A\lab10.1_A\lab10.1_A.cpp(11,73): warning C4566: character represented by universal-character-name '\u044F' cannot be represented in the current code page (1252)
D:\lab10.1_A\lab10.1_A\lab10.1_A.cpp(34,13): warning C4566: character represented by universal-character-name '\u0412' cannot be represented in the current code page (1252)
D:\lab10.1_A\lab10.1_A\lab10.1_A.cpp(34,13): warning C4566: character represented by universal-character-name '\u0432' cannot be represented in the current code page (1252)
D:\lab10.1_A\lab10.1_A\lab10.1_A.cpp(34,13): warning C4566: character represented by universal-character-name '\u0435' cannot be represented in the current code page (1252)
D:\lab10.1_A\lab10.1_A\lab10.1_A.cpp(34,13): warning C4566: character represented by universal-character-name '\u0434' cannot be represented in the current code page (1252)
D:\lab10.1_A\lab10.1_A\lab10.1_A.cpp(34,13): warning C4566: character represented by universal-character-name '\u0456' cannot be represented in the current code page (1252)
D:\lab10.1_A\lab10.1_A\lab10.1_A.cpp(34,13): warning C4566: character represented by universal-character-name '\u0442' cannot be represented in the current code page (1252)
D:\lab10.1_A\lab10.1_A\lab10.1_A.cpp(34,13): warning C4566: character represented by universal-character-name '\u044C' cannot be represented in the current code page (1252)
D:\lab10.1_A\lab10.1_A\lab10.1_A.cpp(34,13): warning C4566: character represented by universal-character-name '\u043A' cannot be represented in the current code page (1252)
D:\lab10.1_A\lab10.1_A\lab10.1_A.cpp(34,13): warning C4566: character represented by universal-character-name '\u043B' cannot be represented in the current code page (1252)
D:\lab10.1_A\lab10.1_A\lab10.1_A.cpp(34,13): warning C4566: character represented by universal-character-name '\u0441' cannot be represented in the current code page (1252)
D:\lab10.1_A\lab10.1_A\lab10.1_A.cpp(34,13): warning C4566: character represented by universal-character-name '\u0443' cannot be represented in the current code page (1252)
D:\lab10.1_A\lab10.1_A\lab10.1_A.cpp(34,13): warning C4566: character represented by universal-character-name '\u043D' cannot be represented in the current code page (1252)
D:\lab10.1_A\lab10.1_A\lab10.1_A.cpp(45,13): warning C4566: character represented by universal-character-name '\u0421' cannot be represented in the current code page (1252)
D:\lab10.1_A\lab10.1_A\lab10.1_A.cpp(45,13): warning C4566: character represented by universal-character-name '\u0435' cannot be represented in the current code page (1252)
D:\lab10.1_A\lab10.1_A\lab10.1_A.cpp(45,13): warning C4566: character represented by universal-character-name '\u0440' cannot be represented in the current code page (1252)
D:\lab10.1_A\lab10.1_A\lab10.1_A.cpp(45,13): warning C4566: character represented by universal-character-name '\u0434' cannot be represented in the current code page (1252)
D:\lab10.1_A\lab10.1_A\lab10.1_A.cpp(45,13): warning C4566: character represented by universal-character-name '\u043D' cannot be represented in the current code page (1252)
D:\lab10.1_A\lab10.1_A\lab10.1_A.cpp(45,13): warning C4566: character represented by universal-character-name '\u0456' cannot be represented in the current code page (1252)
D:\lab10.1_A\lab10.1_A\lab10.1_A.cpp(45,13): warning C4566: character represented by universal-character-name '\u0439' cannot be represented in the current code page (1252)
D:\lab10.1_A\lab10.1_A\lab10.1_A.cpp(45,13): warning C4566: character represented by universal-character-name '\u0431' cannot be represented in the current code page (1252)
D:\lab10.1_A\lab10.1_A\lab10.1_A.cpp(45,13): warning C4566: character represented by universal-character-name '\u0430' cannot be represented in the current code page (1252)
D:\lab10.1_A\lab10.1_A\lab10.1_A.cpp(45,13): warning C4566: character represented by universal-character-name '\u043B' cannot be represented in the current code page (1252)
D:\lab10.1_A\lab10.1_A\lab10.1_A.cpp(45,13): warning C4566: character represented by universal-character-name '\u0437' cannot be represented in the current code page (1252)
D:\lab10.1_A\lab10.1_A\lab10.1_A.cpp(45,13): warning C4566: character represented by universal-character-name '\u0444' cannot be represented in the current code page (1252)
D:\lab10.1_A\lab10.1_A\lab10.1_A.cpp(45,13): warning C4566: character represented by universal-character-name '\u0438' cannot be represented in the current code page (1252)
D:\lab10.1_A\lab10.1_A\lab10.1_A.cpp(45,13): warning C4566: character represented by universal-character-name '\u043A' cannot be represented in the current code page (1252)
D:\lab10.1_A\lab10.1_A\lab10.1_A.cpp(46,13): warning C4566: character represented by universal-character-name '\u0421' cannot be represented in the current code page (1252)
D:\lab10.1_A\lab10.1_A\lab10.1_A.cpp(46,13): warning C4566: character represented by universal-character-name '\u0435' cannot be represented in the current code page (1252)
D:\lab10.1_A\lab10.1_A\lab10.1_A.cpp(46,13): warning C4566: character represented by universal-character-name '\u0440' cannot be represented in the current code page (1252)
D:\lab10.1_A\lab10.1_A\lab10.1_A.cpp(46,13): warning C4566: character represented by universal-character-name '\u0434' cannot be represented in the current code page (1252)
D:\lab10.1_A\lab10.1_A\lab10.1_A.cpp(46,13): warning C4566: character represented by universal-character-name '\u043D' cannot be represented in the current code page (1252)
D:\lab10.1_A\lab10.1_A\lab10.1_A.cpp(46,13): warning C4566: character represented by universal-character-name '\u0456' cannot be represented in the current code page (1252)
D:\lab10.1_A\lab10.1_A\lab10.1_A.cpp(46,13): warning C4566: character represented by universal-character-name '\u0439' cannot be represented in the current code page (1252)
D:\lab10.1_A\lab10.1_A\lab10.1_A.cpp(46,13): warning C4566: character represented by universal-character-name '\u0431' cannot be represented in the current code page (1252)
D:\lab10.1_A\lab10.1_A\lab10.1_A.cpp(46,13): warning C4566: character represented by universal-character-name '\u0430' cannot be represented in the current code page (1252)
D:\lab10.1_A\lab10.1_A\lab10.1_A.cpp(46,13): warning C4566: character represented by universal-character-name '\u043B' cannot be represented in the current code page (1252)
D:\lab10.1_A\lab10.1_A\lab10.1_A.cpp(46,13): warning C4566: character represented by universal-character-name '\u0437' cannot be represented in the current code page (1252)
D:\lab10.1_A\lab10.1_A\lab10.1_A.cpp(46,13): warning C4566: character represented by universal-character-name '\u043C' cannot be represented in the current code page (1252)
D:\lab10.1_A\lab10.1_A\lab10.1_A.cpp(46,13): warning C4566: character represented by universal-character-name '\u0442' cannot be represented in the current code page (1252)
D:\lab10.1_A\lab10.1_A\lab10.1_A.cpp(46,13): warning C4566: character represented by universal-character-name '\u0438' cannot be represented in the current code page (1252)
D:\lab10.1_A\lab10.1_A\lab10.1_A.cpp(46,13): warning C4566: character represented by universal-character-name '\u043A' cannot be represented in the current code page (1252)
D:\lab10.1_A\lab10.1_A\lab10.1_A.cpp(47,13): warning C4566: character represented by universal-character-name '\u0421' cannot be represented in the current code page (1252)
D:\lab10.1_A\lab10.1_A\lab10.1_A.cpp(47,13): warning C4566: character represented by universal-character-name '\u0435' cannot be represented in the current code page (1252)
D:\lab10.1_A\lab10.1_A\lab10.1_A.cpp(47,13): warning C4566: character represented by universal-character-name '\u0440' cannot be represented in the current code page (1252)
D:\lab10.1_A\lab10.1_A\lab10.1_A.cpp(47,13): warning C4566: character represented by universal-character-name '\u0434' cannot be represented in the current code page (1252)
D:\lab10.1_A\lab10.1_A\lab10.1_A.cpp(47,13): warning C4566: character represented by universal-character-name '\u043D' cannot be represented in the current code page (1252)
D:\lab10.1_A\lab10.1_A\lab10.1_A.cpp(47,13): warning C4566: character represented by universal-character-name '\u0456' cannot be represented in the current code page (1252)
D:\lab10.1_A\lab10.1_A\lab10.1_A.cpp(47,13): warning C4566: character represented by universal-character-name '\u0439' cannot be represented in the current code page (1252)
D:\lab10.1_A\lab10.1_A\lab10.1_A.cpp(47,13): warning C4566: character represented by universal-character-name '\u0431' cannot be represented in the current code page (1252)
D:\lab10.1_A\lab10.1_A\lab10.1_A.cpp(47,13): warning C4566: character represented by universal-character-name '\u0430' cannot be represented in the current code page (1252)
D:\lab10.1_A\lab10.1_A\lab10.1_A.cpp(47,13): warning C4566: character represented by universal-character-name '\u043B' cannot be represented in the current code page (1252)
D:\lab10.1_A\lab10.1_A\lab10.1_A.cpp(47,13): warning C4566: character represented by universal-character-name '\u0437' cannot be represented in the current code page (1252)
D:\lab10.1_A\lab10.1_A\lab10.1_A.cpp(47,13): warning C4566: character represented by universal-character-name '\u0444' cannot be represented in the current code page (1252)
D:\lab10.1_A\lab10.1_A\lab10.1_A.cpp(47,13): warning C4566: character represented by universal-character-name '\u043E' cannot be represented in the current code page (1252)
D:\lab10.1_A\lab10.1_A\lab10.1_A.cpp(47,13): warning C4566: character represented by universal-character-name '\u043C' cannot be represented in the current code page (1252)
D:\lab10.1_A\lab10.1_A\lab10.1_A.cpp(47,13): warning C4566: character represented by universal-character-name '\u0442' cannot be represented in the current code page (1252)
D:\lab10.1_A\lab10.1_A\lab10.1_A.cpp(47,13): warning C4566: character represented by universal-character-name '\u0438' cannot be represented in the current code page (1252)
D:\lab10.1_A\lab10.1_A\lab10.1_A.cpp(47,13): warning C4566: character represented by universal-character-name '\u043A' cannot be represented in the current code page (1252)
D:\lab10.1_A\lab10.1_A\lab10.1_A.cpp(50,13): warning C4566: character represented by universal-character-name '\u041A' cannot be represented in the current code page (1252)
D:\lab10.1_A\lab10.1_A\lab10.1_A.cpp(50,13): warning C4566: character represented by universal-character-name '\u0456' cannot be represented in the current code page (1252)
D:\lab10.1_A\lab10.1_A\lab10.1_A.cpp(50,13): warning C4566: character represented by universal-character-name '\u043B' cannot be represented in the current code page (1252)
D:\lab10.1_A\lab10.1_A\lab10.1_A.cpp(50,13): warning C4566: character represented by universal-character-name '\u044C' cannot be represented in the current code page (1252)
D:\lab10.1_A\lab10.1_A\lab10.1_A.cpp(50,13): warning C4566: character represented by universal-character-name '\u043A' cannot be represented in the current code page (1252)
D:\lab10.1_A\lab10.1_A\lab10.1_A.cpp(50,13): warning C4566: character represented by universal-character-name '\u0441' cannot be represented in the current code page (1252)
D:\lab10.1_A\lab10.1_A\lab10.1_A.cpp(50,13): warning C4566: character represented by universal-character-name '\u0442' cannot be represented in the current code page (1252)
D:\lab10.1_A\lab10.1_A\lab10.1_A.cpp(50,13): warning C4566: character represented by universal-character-name '\u0443' cannot be represented in the current code page (1252)
D:\lab10.1_A\lab10.1_A\lab10.1_A.cpp(50,13): warning C4566: character represented by universal-character-name '\u0434' cannot be represented in the current code page (1252)
D:\lab10.1_A\lab10.1_A\lab10.1_A.cpp(50,13): warning C4566: character represented by universal-character-name '\u0435' cannot be represented in the current code page (1252)
D:\lab10.1_A\lab10.1_A\lab10.1_A.cpp(50,13): warning C4566: character represented by universal-character-name '\u043D' cannot be represented in the current code page (1252)
D:\lab10.1_A\lab10.1_A\lab10.1_A.cpp(50,13): warning C4566: character represented by universal-character-name '\u0432' cannot be represented in the current code page (1252)
D:\lab10.1_A\lab10.1_A\lab10.1_A.cpp(50,13): warning C4566: character represented by universal-character-name '\u044F' cannot be represented in the current code page (1252)
D:\lab10.1_A\lab10.1_A\lab10.1_A.cpp(50,13): warning C4566: character represented by universal-character-name '\u043E' cannot be represented in the current code page (1252)
D:\lab10.1_A\lab10.1_A\lab10.1_A.cpp(50,13): warning C4566: character represented by universal-character-name '\u0440' cannot be represented in the current code page (1252)
D:\lab10.1_A\lab10.1_A\lab10.1_A.cpp(50,13): warning C4566: character represented by universal-character-name '\u0438' cannot be represented in the current code page (1252)
D:\lab10.1_A\lab10.1_A\lab10.1_A.cpp(50,13): warning C4566: character represented by universal-character-name '\u043C' cannot be represented in the current code page (1252)
D:\lab10.1_A\lab10.1_A\lab10.1_A.cpp(50,13): warning C4566: character represented by universal-character-name '\u0430' cannot be represented in the current code page (1252)
D:\lab10.1_A\lab10.1_A\lab10.1_A.cpp(50,13): warning C4566: character represented by universal-character-name '\u0431' cannot be represented in the current code page (1252)
D:\lab10.1_A\lab10.1_A\lab10.1_A.cpp(50,13): warning C4566: character represented by universal-character-name '\u0437' cannot be represented in the current code page (1252)
D:\lab10.1_A\lab10.1_A\lab10.1_A.cpp(50,13): warning C4566: character represented by universal-character-name '\u0444' cannot be represented in the current code page (1252)
D:\lab10.1_A\lab10.1_A\lab10.1_A.cpp(62,17): warning C4566: character represented by universal-character-name '\u041D' cannot be represented in the current code page (1252)
D:\lab10.1_A\lab10.1_A\lab10.1_A.cpp(62,17): warning C4566: character represented by universal-character-name '\u043E' cannot be represented in the current code page (1252)
D:\lab10.1_A\lab10.1_A\lab10.1_A.cpp(62,17): warning C4566: character represented by universal-character-name '\u043C' cannot be represented in the current code page (1252)
D:\lab10.1_A\lab10.1_A\lab10.1_A.cpp(62,17): warning C4566: character represented by universal-character-name '\u0435' cannot be represented in the current code page (1252)
D:\lab10.1_A\lab10.1_A\lab10.1_A.cpp(62,17): warning C4566: character represented by universal-character-name '\u0440' cannot be represented in the current code page (1252)
D:\lab10.1_A\lab10.1_A\lab10.1_A.cpp(62,17): warning C4566: character represented by universal-character-name '\u0441' cannot be represented in the current code page (1252)
D:\lab10.1_A\lab10.1_A\lab10.1_A.cpp(62,17): warning C4566: character represented by universal-character-name '\u0442' cannot be represented in the current code page (1252)
D:\lab10.1_A\lab10.1_A\lab10.1_A.cpp(62,17): warning C4566: character represented by universal-character-name '\u0443' cannot be represented in the current code page (1252)
D:\lab10.1_A\lab10.1_A\lab10.1_A.cpp(62,17): warning C4566: character represented by universal-character-name '\u0434' cannot be represented in the current code page (1252)
D:\lab10.1_A\lab10.1_A\lab10.1_A.cpp(62,17): warning C4566: character represented by universal-character-name '\u043D' cannot be represented in the current code page (1252)
D:\lab10.1_A\lab10.1_A\lab10.1_A.cpp(62,17): warning C4566: character represented by universal-character-name '\u0430' cannot be represented in the current code page (1252)
D:\lab10.1_A\lab10.1_A\lab10.1_A.cpp(65,17): warning C4566: character represented by universal-character-name '\u041F' cannot be represented in the current code page (1252)
D:\lab10.1_A\lab10.1_A\lab10.1_A.cpp(65,17): warning C4566: character represented by universal-character-name '\u0440' cannot be represented in the current code page (1252)
D:\lab10.1_A\lab10.1_A\lab10.1_A.cpp(65,17): warning C4566: character represented by universal-character-name '\u0456' cannot be represented in the current code page (1252)
D:\lab10.1_A\lab10.1_A\lab10.1_A.cpp(65,17): warning C4566: character represented by universal-character-name '\u0437' cannot be represented in the current code page (1252)
D:\lab10.1_A\lab10.1_A\lab10.1_A.cpp(65,17): warning C4566: character represented by universal-character-name '\u0432' cannot be represented in the current code page (1252)
D:\lab10.1_A\lab10.1_A\lab10.1_A.cpp(65,17): warning C4566: character represented by universal-character-name '\u0438' cannot be represented in the current code page (1252)
D:\lab10.1_A\lab10.1_A\lab10.1_A.cpp(65,17): warning C4566: character represented by universal-character-name '\u0449' cannot be represented in the current code page (1252)
D:\lab10.1_A\lab10.1_A\lab10.1_A.cpp(65,17): warning C4566: character represented by universal-character-name '\u0435' cannot be represented in the current code page (1252)
D:\lab10.1_A\lab10.1_A\lab10.1_A.cpp(66,17): warning C4566: character represented by universal-character-name '\u041A' cannot be represented in the current code page (1252)
D:\lab10.1_A\lab10.1_A\lab10.1_A.cpp(66,17): warning C4566: character represented by universal-character-name '\u0443' cannot be represented in the current code page (1252)
D:\lab10.1_A\lab10.1_A\lab10.1_A.cpp(66,17): warning C4566: character represented by universal-character-name '\u0440' cannot be represented in the current code page (1252)
D:\lab10.1_A\lab10.1_A\lab10.1_A.cpp(66,17): warning C4566: character represented by universal-character-name '\u0441' cannot be represented in the current code page (1252)
D:\lab10.1_A\lab10.1_A\lab10.1_A.cpp(67,17): warning C4566: character represented by universal-character-name '\u0421' cannot be represented in the current code page (1252)
D:\lab10.1_A\lab10.1_A\lab10.1_A.cpp(67,17): warning C4566: character represented by universal-character-name '\u043F' cannot be represented in the current code page (1252)
D:\lab10.1_A\lab10.1_A\lab10.1_A.cpp(67,17): warning C4566: character represented by universal-character-name '\u0435' cannot be represented in the current code page (1252)
D:\lab10.1_A\lab10.1_A\lab10.1_A.cpp(67,17): warning C4566: character represented by universal-character-name '\u0446' cannot be represented in the current code page (1252)
D:\lab10.1_A\lab10.1_A\lab10.1_A.cpp(67,17): warning C4566: character represented by universal-character-name '\u0456' cannot be represented in the current code page (1252)
D:\lab10.1_A\lab10.1_A\lab10.1_A.cpp(67,17): warning C4566: character represented by universal-character-name '\u0430' cannot be represented in the current code page (1252)
D:\lab10.1_A\lab10.1_A\lab10.1_A.cpp(67,17): warning C4566: character represented by universal-character-name '\u043B' cannot be represented in the current code page (1252)
D:\lab10.1_A\lab10.1_A\lab10.1_A.cpp(67,17): warning C4566: character represented by universal-character-name '\u044C' cannot be represented in the current code page (1252)
D:\lab10.1_A\lab10.1_A\lab10.1_A.cpp(67,17): warning C4566: character represented by universal-character-name '\u043D' cannot be represented in the current code page (1252)
D:\lab10.1_A\lab10.1_A\lab10.1_A.cpp(67,17): warning C4566: character represented by universal-character-name '\u0441' cannot be represented in the current code page (1252)
D:\lab10.1_A\lab10.1_A\lab10.1_A.cpp(67,17): warning C4566: character represented by universal-character-name '\u0442' cannot be represented in the current code page (1252)
D:\lab10.1_A\lab10.1_A\lab10.1_A.cpp(67,17): warning C4566: character represented by universal-character-name '\u0406' cannot be represented in the current code page (1252)
D:\lab10.1_A\lab10.1_A\lab10.1_A.cpp(67,17): warning C4566: character represented by universal-character-name '\u0444' cannot be represented in the current code page (1252)
D:\lab10.1_A\lab10.1_A\lab10.1_A.cpp(67,17): warning C4566: character represented by universal-character-name '\u043E' cannot be represented in the current code page (1252)
D:\lab10.1_A\lab10.1_A\lab10.1_A.cpp(67,17): warning C4566: character represented by universal-character-name '\u0440' cannot be represented in the current code page (1252)
D:\lab10.1_A\lab10.1_A\lab10.1_A.cpp(67,17): warning C4566: character represented by universal-character-name '\u043C' cannot be represented in the current code page (1252)
D:\lab10.1_A\lab10.1_A\lab10.1_A.cpp(67,17): warning C4566: character represented by universal-character-name '\u0438' cannot be represented in the current code page (1252)
D:\lab10.1_A\lab10.1_A\lab10.1_A.cpp(67,17): warning C4566: character represented by universal-character-name '\u043A' cannot be represented in the current code page (1252)
D:\lab10.1_A\lab10.1_A\lab10.1_A.cpp(67,17): warning C4566: character represented by universal-character-name '\u0420' cannot be represented in the current code page (1252)
D:\lab10.1_A\lab10.1_A\lab10.1_A.cpp(67,17): warning C4566: character represented by universal-character-name '\u0434' cannot be represented in the current code page (1252)
D:\lab10.1_A\lab10.1_A\lab10.1_A.cpp(67,17): warning C4566: character represented by universal-character-name '\u041A' cannot be represented in the current code page (1252)
D:\lab10.1_A\lab10.1_A\lab10.1_A.cpp(67,17): warning C4566: character represented by universal-character-name '\u044E' cannot be represented in the current code page (1252)
D:\lab10.1_A\lab10.1_A\lab10.1_A.cpp(67,17): warning C4566: character represented by universal-character-name '\u0443' cannot be represented in the current code page (1252)
D:\lab10.1_A\lab10.1_A\lab10.1_A.cpp(68,16): warning C4566: character represented by universal-character-name '\u041A' cannot be represented in the current code page (1252)
D:\lab10.1_A\lab10.1_A\lab10.1_A.cpp(68,16): warning C4566: character represented by universal-character-name '\u043E' cannot be represented in the current code page (1252)
D:\lab10.1_A\lab10.1_A\lab10.1_A.cpp(68,16): warning C4566: character represented by universal-character-name '\u043C' cannot be represented in the current code page (1252)
D:\lab10.1_A\lab10.1_A\lab10.1_A.cpp(68,16): warning C4566: character represented by universal-character-name '\u043F' cannot be represented in the current code page (1252)
D:\lab10.1_A\lab10.1_A\lab10.1_A.cpp(68,16): warning C4566: character represented by universal-character-name '\u044E' cannot be represented in the current code page (1252)
D:\lab10.1_A\lab10.1_A\lab10.1_A.cpp(68,16): warning C4566: character represented by universal-character-name '\u0442' cannot be represented in the current code page (1252)
D:\lab10.1_A\lab10.1_A\lab10.1_A.cpp(68,16): warning C4566: character represented by universal-character-name '\u0435' cannot be represented in the current code page (1252)
D:\lab10.1_A\lab10.1_A\lab10.1_A.cpp(68,16): warning C4566: character represented by universal-character-name '\u0440' cannot be represented in the current code page (1252)
D:\lab10.1_A\lab10.1_A\lab10.1_A.cpp(68,16): warning C4566: character represented by universal-character-name '\u043D' cannot be represented in the current code page (1252)
D:\lab10.1_A\lab10.1_A\lab10.1_A.cpp(68,16): warning C4566: character represented by universal-character-name '\u0430' cannot be represented in the current code page (1252)
D:\lab10.1_A\lab10.1_A\lab10.1_A.cpp(68,16): warning C4566: character represented by universal-character-name '\u0456' cannot be represented in the current code page (1252)
D:\lab10.1_A\lab10.1_A\lab10.1_A.cpp(68,16): warning C4566: character represented by universal-character-name '\u0436' cannot be represented in the current code page (1252)
D:\lab10.1_A\lab10.1_A\lab10.1_A.cpp(68,16): warning C4566: character represented by universal-character-name '\u044F' cannot be represented in the current code page (1252)
D:\lab10.1_A\lab10.1_A\lab10.1_A.cpp(68,16): warning C4566: character represented by universal-character-name '\u041F' cannot be represented in the current code page (1252)
D:\lab10.1_A\lab10.1_A\lab10.1_A.cpp(68,16): warning C4566: character represented by universal-character-name '\u0433' cannot be represented in the current code page (1252)
D:\lab10.1_A\lab10.1_A\lab10.1_A.cpp(68,16): warning C4566: character represented by universal-character-name '\u0437' cannot be represented in the current code page (1252)
D:\lab10.1_A\lab10.1_A\lab10.1_A.cpp(68,16): warning C4566: character represented by universal-character-name '\u0431' cannot be represented in the current code page (1252)
D:\lab10.1_A\lab10.1_A\lab10.1_A.cpp(68,16): warning C4566: character represented by universal-character-name '\u0447' cannot be represented in the current code page (1252)
D:\lab10.1_A\lab10.1_A\lab10.1_A.cpp(71,17): warning C4566: character represented by universal-character-name '\u041E' cannot be represented in the current code page (1252)
D:\lab10.1_A\lab10.1_A\lab10.1_A.cpp(71,17): warning C4566: character represented by universal-character-name '\u0446' cannot be represented in the current code page (1252)
D:\lab10.1_A\lab10.1_A\lab10.1_A.cpp(71,17): warning C4566: character represented by universal-character-name '\u0456' cannot be represented in the current code page (1252)
D:\lab10.1_A\lab10.1_A\lab10.1_A.cpp(71,17): warning C4566: character represented by universal-character-name '\u043D' cannot be represented in the current code page (1252)
D:\lab10.1_A\lab10.1_A\lab10.1_A.cpp(71,17): warning C4566: character represented by universal-character-name '\u043A' cannot be represented in the current code page (1252)
D:\lab10.1_A\lab10.1_A\lab10.1_A.cpp(71,17): warning C4566: character represented by universal-character-name '\u0430' cannot be represented in the current code page (1252)
D:\lab10.1_A\lab10.1_A\lab10.1_A.cpp(71,17): warning C4566: character represented by universal-character-name '\u0437' cannot be represented in the current code page (1252)
D:\lab10.1_A\lab10.1_A\lab10.1_A.cpp(71,17): warning C4566: character represented by universal-character-name '\u0444' cannot be represented in the current code page (1252)
D:\lab10.1_A\lab10.1_A\lab10.1_A.cpp(71,17): warning C4566: character represented by universal-character-name '\u0438' cannot be represented in the current code page (1252)
D:\lab10.1_A\lab10.1_A\lab10.1_A.cpp(72,17): warning C4566: character represented by universal-character-name '\u041E' cannot be represented in the current code page (1252)
D:\lab10.1_A\lab10.1_A\lab10.1_A.cpp(72,17): warning C4566: character represented by universal-character-name '\u0446' cannot be represented in the current code page (1252)
D:\lab10.1_A\lab10.1_A\lab10.1_A.cpp(72,17): warning C4566: character represented by universal-character-name '\u0456' cannot be represented in the current code page (1252)
D:\lab10.1_A\lab10.1_A\lab10.1_A.cpp(72,17): warning C4566: character represented by universal-character-name '\u043D' cannot be represented in the current code page (1252)
D:\lab10.1_A\lab10.1_A\lab10.1_A.cpp(72,17): warning C4566: character represented by universal-character-name '\u043A' cannot be represented in the current code page (1252)
D:\lab10.1_A\lab10.1_A\lab10.1_A.cpp(72,17): warning C4566: character represented by universal-character-name '\u0430' cannot be represented in the current code page (1252)
D:\lab10.1_A\lab10.1_A\lab10.1_A.cpp(72,17): warning C4566: character represented by universal-character-name '\u0437' cannot be represented in the current code page (1252)
D:\lab10.1_A\lab10.1_A\lab10.1_A.cpp(72,17): warning C4566: character represented by universal-character-name '\u043C' cannot be represented in the current code page (1252)
D:\lab10.1_A\lab10.1_A\lab10.1_A.cpp(72,17): warning C4566: character represented by universal-character-name '\u0442' cannot be represented in the current code page (1252)
D:\lab10.1_A\lab10.1_A\lab10.1_A.cpp(72,17): warning C4566: character represented by universal-character-name '\u0435' cannot be represented in the current code page (1252)
D:\lab10.1_A\lab10.1_A\lab10.1_A.cpp(72,17): warning C4566: character represented by universal-character-name '\u0438' cannot be represented in the current code page (1252)
D:\lab10.1_A\lab10.1_A\lab10.1_A.cpp(73,17): warning C4566: character represented by universal-character-name '\u041E' cannot be represented in the current code page (1252)
D:\lab10.1_A\lab10.1_A\lab10.1_A.cpp(73,17): warning C4566: character represented by universal-character-name '\u0446' cannot be represented in the current code page (1252)
D:\lab10.1_A\lab10.1_A\lab10.1_A.cpp(73,17): warning C4566: character represented by universal-character-name '\u0456' cannot be represented in the current code page (1252)
D:\lab10.1_A\lab10.1_A\lab10.1_A.cpp(73,17): warning C4566: character represented by universal-character-name '\u043D' cannot be represented in the current code page (1252)
D:\lab10.1_A\lab10.1_A\lab10.1_A.cpp(73,17): warning C4566: character represented by universal-character-name '\u043A' cannot be represented in the current code page (1252)
D:\lab10.1_A\lab10.1_A\lab10.1_A.cpp(73,17): warning C4566: character represented by universal-character-name '\u0430' cannot be represented in the current code page (1252)
D:\lab10.1_A\lab10.1_A\lab10.1_A.cpp(73,17): warning C4566: character represented by universal-character-name '\u0437' cannot be represented in the current code page (1252)
D:\lab10.1_A\lab10.1_A\lab10.1_A.cpp(73,17): warning C4566: character represented by universal-character-name '\u0444' cannot be represented in the current code page (1252)
D:\lab10.1_A\lab10.1_A\lab10.1_A.cpp(73,17): warning C4566: character represented by universal-character-name '\u043E' cannot be represented in the current code page (1252)
D:\lab10.1_A\lab10.1_A\lab10.1_A.cpp(73,17): warning C4566: character represented by universal-character-name '\u0440' cannot be represented in the current code page (1252)
D:\lab10.1_A\lab10.1_A\lab10.1_A.cpp(73,17): warning C4566: character represented by universal-character-name '\u043C' cannot be represented in the current code page (1252)
D:\lab10.1_A\lab10.1_A\lab10.1_A.cpp(73,17): warning C4566: character represented by universal-character-name '\u0442' cannot be represented in the current code page (1252)
D:\lab10.1_A\lab10.1_A\lab10.1_A.cpp(73,17): warning C4566: character represented by universal-character-name '\u0438' cannot be represented in the current code page (1252)
D:\lab10.1_A\lab10.1_A\lab10.1_A.cpp(81,13): warning C4566: character represented by universal-character-name '\u2116' cannot be represented in the current code page (1252)
D:\lab10.1_A\lab10.1_A\lab10.1_A.cpp(81,13): warning C4566: character represented by universal-character-name '\u041F' cannot be represented in the current code page (1252)
D:\lab10.1_A\lab10.1_A\lab10.1_A.cpp(81,13): warning C4566: character represented by universal-character-name '\u0440' cannot be represented in the current code page (1252)
D:\lab10.1_A\lab10.1_A\lab10.1_A.cpp(81,13): warning C4566: character represented by universal-character-name '\u0456' cannot be represented in the current code page (1252)
D:\lab10.1_A\lab10.1_A\lab10.1_A.cpp(81,13): warning C4566: character represented by universal-character-name '\u0437' cannot be represented in the current code page (1252)
D:\lab10.1_A\lab10.1_A\lab10.1_A.cpp(81,13): warning C4566: character represented by universal-character-name '\u0432' cannot be represented in the current code page (1252)
D:\lab10.1_A\lab10.1_A\lab10.1_A.cpp(81,13): warning C4566: character represented by universal-character-name '\u0438' cannot be represented in the current code page (1252)
D:\lab10.1_A\lab10.1_A\lab10.1_A.cpp(81,13): warning C4566: character represented by universal-character-name '\u0449' cannot be represented in the current code page (1252)
D:\lab10.1_A\lab10.1_A\lab10.1_A.cpp(81,13): warning C4566: character represented by universal-character-name '\u0435' cannot be represented in the current code page (1252)
D:\lab10.1_A\lab10.1_A\lab10.1_A.cpp(81,13): warning C4566: character represented by universal-character-name '\u041A' cannot be represented in the current code page (1252)
D:\lab10.1_A\lab10.1_A\lab10.1_A.cpp(81,13): warning C4566: character represented by universal-character-name '\u0443' cannot be represented in the current code page (1252)
D:\lab10.1_A\lab10.1_A\lab10.1_A.cpp(81,13): warning C4566: character represented by universal-character-name '\u0441' cannot be represented in the current code page (1252)
D:\lab10.1_A\lab10.1_A\lab10.1_A.cpp(81,13): warning C4566: character represented by universal-character-name '\u0421' cannot be represented in the current code page (1252)
D:\lab10.1_A\lab10.1_A\lab10.1_A.cpp(81,13): warning C4566: character represented by universal-character-name '\u043F' cannot be represented in the current code page (1252)
D:\lab10.1_A\lab10.1_A\lab10.1_A.cpp(81,13): warning C4566: character represented by universal-character-name '\u0446' cannot be represented in the current code page (1252)
D:\lab10.1_A\lab10.1_A\lab10.1_A.cpp(81,13): warning C4566: character represented by universal-character-name '\u0430' cannot be represented in the current code page (1252)
D:\lab10.1_A\lab10.1_A\lab10.1_A.cpp(81,13): warning C4566: character represented by universal-character-name '\u043B' cannot be represented in the current code page (1252)
D:\lab10.1_A\lab10.1_A\lab10.1_A.cpp(81,13): warning C4566: character represented by universal-character-name '\u044C' cannot be represented in the current code page (1252)
D:\lab10.1_A\lab10.1_A\lab10.1_A.cpp(81,13): warning C4566: character represented by universal-character-name '\u043D' cannot be represented in the current code page (1252)
D:\lab10.1_A\lab10.1_A\lab10.1_A.cpp(81,13): warning C4566: character represented by universal-character-name '\u0442' cannot be represented in the current code page (1252)
D:\lab10.1_A\lab10.1_A\lab10.1_A.cpp(81,13): warning C4566: character represented by universal-character-name '\u0424' cannot be represented in the current code page (1252)
D:\lab10.1_A\lab10.1_A\lab10.1_A.cpp(81,13): warning C4566: character represented by universal-character-name '\u043A' cannot be represented in the current code page (1252)
D:\lab10.1_A\lab10.1_A\lab10.1_A.cpp(81,13): warning C4566: character represented by universal-character-name '\u041C' cannot be represented in the current code page (1252)
D:\lab10.1_A\lab10.1_A\lab10.1_A.cpp(81,13): warning C4566: character represented by universal-character-name '\u043C' cannot be represented in the current code page (1252)
D:\lab10.1_A\lab10.1_A\lab10.1_A.cpp(81,13): warning C4566: character represented by universal-character-name '\u0406' cannot be represented in the current code page (1252)
D:\lab10.1_A\lab10.1_A\lab10.1_A.cpp(81,13): warning C4566: character represented by universal-character-name '\u0444' cannot be represented in the current code page (1252)
D:\lab10.1_A\lab10.1_A\lab10.1_A.cpp(81,13): warning C4566: character represented by universal-character-name '\u043E' cannot be represented in the current code page (1252)
  lab10.1_A.vcxproj -> D:\lab10.1_A\x64\Debug\lab10.1_A.exe
